# JRE version: OpenJDK Runtime Environment Corretto-17.0.13.11.1 (17.0.13+11) (build 17.0.13+11-LTS)
# Java VM: OpenJDK 64-Bit Server VM Corretto-17.0.13.11.1 (17.0.13+11-LTS, mixed mode, sharing, tiered, compressed oops, compressed class ptrs, g1 gc, windows-amd64)
GC Precious Log:
 CPUs: 8 total, 8 available
 Memory: 7549M
 Large Page Support: Disabled
 NUMA Support: Disabled
 Compressed Oops: Enabled (32-bit)
 Heap Region Size: 1M
 Heap Min Capacity: 8M
 Heap Initial Capacity: 118M
 Heap Max Capacity: 2G
 Pre-touch: Disabled
 Parallel Workers: 8
 Concurrent Workers: 2
 Concurrent Refinement Workers: 8
 Periodic GC: Disabled
Heap:
 garbage-first heap   total 122880K, used 69483K [0x0000000080000000, 0x0000000100000000)
  region size 1024K, 1 young (1024K), 1 survivors (1024K)
 Metaspace       used 68875K, committed 69504K, reserved 491520K
  class space    used 9635K, committed 9920K, reserved 425984K
GC Heap History (20 events):
Event: 38.958 GC heap after
{Heap after GC invocations=18 (full 0):
 garbage-first heap   total 89088K, used 48153K [0x0000000080000000, 0x0000000100000000)
  region size 1024K, 3 young (3072K), 3 survivors (3072K)
 Metaspace       used 59008K, committed 59584K, reserved 491520K
  class space    used 8215K, committed 8512K, reserved 425984K
}
Event: 39.963 GC heap before
{Heap before GC invocations=19 (full 0):
 garbage-first heap   total 89088K, used 71705K [0x0000000080000000, 0x0000000100000000)
  region size 1024K, 27 young (27648K), 3 survivors (3072K)
 Metaspace       used 59318K, committed 59968K, reserved 491520K
  class space    used 8219K, committed 8512K, reserved 425984K
}
Event: 39.972 GC heap after
{Heap after GC invocations=20 (full 0):
 garbage-first heap   total 89088K, used 51237K [0x0000000080000000, 0x0000000100000000)
  region size 1024K, 4 young (4096K), 4 survivors (4096K)
 Metaspace       used 59318K, committed 59968K, reserved 491520K
  class space    used 8219K, committed 8512K, reserved 425984K
}
Event: 40.580 GC heap before
{Heap before GC invocations=20 (full 0):
 garbage-first heap   total 89088K, used 70693K [0x0000000080000000, 0x0000000100000000)
  region size 1024K, 23 young (23552K), 4 survivors (4096K)
 Metaspace       used 61109K, committed 61696K, reserved 491520K
  class space    used 8525K, committed 8768K, reserved 425984K
}
Event: 40.586 GC heap after
{Heap after GC invocations=21 (full 0):
 garbage-first heap   total 89088K, used 51911K [0x0000000080000000, 0x0000000100000000)
  region size 1024K, 2 young (2048K), 2 survivors (2048K)
 Metaspace       used 61109K, committed 61696K, reserved 491520K
  class space    used 8525K, committed 8768K, reserved 425984K
}
Event: 41.805 GC heap before
{Heap before GC invocations=22 (full 0):
 garbage-first heap   total 92160K, used 75463K [0x0000000080000000, 0x0000000100000000)
  region size 1024K, 21 young (21504K), 2 survivors (2048K)
 Metaspace       used 62466K, committed 63040K, reserved 491520K
  class space    used 8764K, committed 9024K, reserved 425984K
}
Event: 41.810 GC heap after
{Heap after GC invocations=23 (full 0):
 garbage-first heap   total 92160K, used 57242K [0x0000000080000000, 0x0000000100000000)
  region size 1024K, 3 young (3072K), 3 survivors (3072K)
 Metaspace       used 62466K, committed 63040K, reserved 491520K
  class space    used 8764K, committed 9024K, reserved 425984K
}
Event: 41.835 GC heap before
{Heap before GC invocations=23 (full 0):
 garbage-first heap   total 92160K, used 58266K [0x0000000080000000, 0x0000000100000000)
  region size 1024K, 4 young (4096K), 3 survivors (3072K)
 Metaspace       used 62562K, committed 63168K, reserved 491520K
  class space    used 8778K, committed 9088K, reserved 425984K
}
Event: 41.840 GC heap after
{Heap after GC invocations=24 (full 0):
 garbage-first heap   total 92160K, used 56770K [0x0000000080000000, 0x0000000100000000)
  region size 1024K, 1 young (1024K), 1 survivors (1024K)
 Metaspace       used 62562K, committed 63168K, reserved 491520K
  class space    used 8778K, committed 9088K, reserved 425984K
}
Event: 43.155 GC heap before
{Heap before GC invocations=24 (full 0):
 garbage-first heap   total 92160K, used 70082K [0x0000000080000000, 0x0000000100000000)
  region size 1024K, 16 young (16384K), 1 survivors (1024K)
 Metaspace       used 64384K, committed 65024K, reserved 491520K
  class space    used 9041K, committed 9344K, reserved 425984K
}
Event: 43.159 GC heap after
{Heap after GC invocations=25 (full 0):
 garbage-first heap   total 92160K, used 57627K [0x0000000080000000, 0x0000000100000000)
  region size 1024K, 2 young (2048K), 2 survivors (2048K)
 Metaspace       used 64384K, committed 65024K, reserved 491520K
  class space    used 9041K, committed 9344K, reserved 425984K
}
Event: 44.062 GC heap before
{Heap before GC invocations=26 (full 0):
 garbage-first heap   total 114688K, used 83227K [0x0000000080000000, 0x0000000100000000)
  region size 1024K, 20 young (20480K), 2 survivors (2048K)
 Metaspace       used 65714K, committed 66304K, reserved 491520K
  class space    used 9204K, committed 9472K, reserved 425984K
}
Event: 44.073 GC heap after
{Heap after GC invocations=27 (full 0):
 garbage-first heap   total 114688K, used 67935K [0x0000000080000000, 0x0000000100000000)
  region size 1024K, 3 young (3072K), 3 survivors (3072K)
 Metaspace       used 65714K, committed 66304K, reserved 491520K
  class space    used 9204K, committed 9472K, reserved 425984K
}
Event: 44.117 GC heap before
{Heap before GC invocations=27 (full 0):
 garbage-first heap   total 114688K, used 69983K [0x0000000080000000, 0x0000000100000000)
  region size 1024K, 5 young (5120K), 3 survivors (3072K)
 Metaspace       used 65941K, committed 66560K, reserved 491520K
  class space    used 9230K, committed 9536K, reserved 425984K
}
Event: 44.122 GC heap after
{Heap after GC invocations=28 (full 0):
 garbage-first heap   total 114688K, used 67373K [0x0000000080000000, 0x0000000100000000)
  region size 1024K, 1 young (1024K), 1 survivors (1024K)
 Metaspace       used 65941K, committed 66560K, reserved 491520K
  class space    used 9230K, committed 9536K, reserved 425984K
}
Event: 45.580 GC heap before
{Heap before GC invocations=28 (full 0):
 garbage-first heap   total 114688K, used 89901K [0x0000000080000000, 0x0000000100000000)
  region size 1024K, 23 young (23552K), 1 survivors (1024K)
 Metaspace       used 67374K, committed 67968K, reserved 491520K
  class space    used 9438K, committed 9728K, reserved 425984K
}
Event: 45.584 GC heap after
{Heap after GC invocations=29 (full 0):
 garbage-first heap   total 114688K, used 68692K [0x0000000080000000, 0x0000000100000000)
  region size 1024K, 2 young (2048K), 2 survivors (2048K)
 Metaspace       used 67374K, committed 67968K, reserved 491520K
  class space    used 9438K, committed 9728K, reserved 425984K
}
Event: 46.212 GC heap before
{Heap before GC invocations=30 (full 0):
 garbage-first heap   total 122880K, used 91220K [0x0000000080000000, 0x0000000100000000)
  region size 1024K, 24 young (24576K), 2 survivors (2048K)
 Metaspace       used 68724K, committed 69376K, reserved 491520K
  class space    used 9612K, committed 9920K, reserved 425984K
}
Event: 46.218 GC heap after
{Heap after GC invocations=31 (full 0):
 garbage-first heap   total 122880K, used 69226K [0x0000000080000000, 0x0000000100000000)
  region size 1024K, 2 young (2048K), 2 survivors (2048K)
 Metaspace       used 68724K, committed 69376K, reserved 491520K
  class space    used 9612K, committed 9920K, reserved 425984K
}
Event: 46.308 GC heap before
{Heap before GC invocations=31 (full 0):
 garbage-first heap   total 122880K, used 73322K [0x0000000080000000, 0x0000000100000000)
  region size 1024K, 6 young (6144K), 2 survivors (2048K)
 Metaspace       used 68875K, committed 69504K, reserved 491520K
  class space    used 9635K, committed 9920K, reserved 425984K
}

